<?xml version="1.0" encoding="UTF-8"?>
<!-- Generated by org.testng.reporters.JUnitXMLReporter -->
<testsuite ignored="0" hostname="LAPTOP-3Q2IRK11" failures="0" tests="8" name="Test" time="0.075" errors="0" timestamp="2023-12-12T07:03:59 IST">
  <testcase classname="test.NG.day1" name="Demo" time="0.007"/>
  <testcase classname="test.NG.day2" name="ploan" time="0.002"/>
  <testcase classname="test.NG.day3" name="LoginaAPIcarLoan" time="0.003"/>
  <testcase classname="test.NG.day3" name="Mobilelogincarloan" time="0.002"/>
  <testcase classname="test.NG.day3" name="Weblogincarloan" time="0.001"/>
  <testcase classname="test.NG.day4" name="LoginAPIhomeloan" time="0.003"/>
  <testcase classname="test.NG.day4" name="Mobileloginhomeloan" time="0.001"/>
  <testcase classname="test.NG.day4" name="Webloginhomeloan" time="0.001"/>
</testsuite> <!-- Test -->
