<?xml version="1.0" encoding="UTF-8"?>
<!-- Generated by org.testng.reporters.JUnitXMLReporter -->
<testsuite ignored="1" hostname="LAPTOP-3Q2IRK11" failures="0" tests="2" name="Car Loan" time="0.008" errors="0" timestamp="2023-12-17T10:40:53 IST">
  <testcase classname="test.NG.day3" name="Mobilelogincarloan" time="0.001"/>
  <testcase classname="test.NG.day3" name="Weblogincarloan" time="0.001"/>
  <testcase classname="test.NG.day3" name="APIcarLoan" time="0.0">
    <ignored/>
  </testcase> <!-- APIcarLoan -->
</testsuite> <!-- Car Loan -->
