<?xml version="1.0" encoding="UTF-8"?>
<!-- Generated by org.testng.reporters.JUnitXMLReporter -->
<testsuite ignored="2" hostname="LAPTOP-3Q2IRK11" failures="0" tests="5" name="Personal Loan" time="0.082" errors="0" timestamp="2023-12-17T10:40:53 IST">
  <testcase classname="test.NG.day1" name="Demo" time="0.005"/>
  <testcase classname="test.NG.day2" name="ploan" time="0.002"/>
  <testcase classname="test.NG.day4" name="APIhomeloan" time="0.002"/>
  <testcase classname="test.NG.day4" name="LoginAPIhomeloan" time="0.006"/>
  <testcase classname="test.NG.day4" name="Webloginhomeloan" time="0.006"/>
  <testcase classname="test.NG.day1" name="Secondtest" time="0.0">
    <ignored/>
  </testcase> <!-- Secondtest -->
  <testcase classname="test.NG.day4" name="Mobileloginhomeloan" time="0.0">
    <ignored/>
  </testcase> <!-- Mobileloginhomeloan -->
</testsuite> <!-- Personal Loan -->
