<?xml version="1.0" encoding="UTF-8"?>
<testng-results ignored="0" total="1" passed="1" failed="0" skipped="0">
  <reporter-output>
  </reporter-output>
  <suite started-at="2023-12-21T11:26:05 IST" name="Default suite" finished-at="2023-12-21T11:26:05 IST" duration-ms="39">
    <groups>
    </groups>
    <test started-at="2023-12-21T11:26:05 IST" name="Default test" finished-at="2023-12-21T11:26:05 IST" duration-ms="39">
      <class name="test.NG.PS1">
        <test-method is-config="true" signature="beforeRun()[pri:0, instance:test.NG.PS1@be35cd9]" started-at="2023-12-21T11:26:05 IST" name="beforeRun" finished-at="2023-12-21T11:26:05 IST" duration-ms="3" status="PASS">
          <reporter-output>
          </reporter-output>
        </test-method> <!-- beforeRun -->
        <test-method signature="testRun()[pri:0, instance:test.NG.PS1@be35cd9]" started-at="2023-12-21T11:26:05 IST" name="testRun" finished-at="2023-12-21T11:26:05 IST" duration-ms="6" status="PASS">
          <reporter-output>
          </reporter-output>
        </test-method> <!-- testRun -->
        <test-method is-config="true" signature="afterRun()[pri:0, instance:test.NG.PS1@be35cd9]" started-at="2023-12-21T11:26:05 IST" name="afterRun" finished-at="2023-12-21T11:26:05 IST" duration-ms="0" status="PASS">
          <reporter-output>
          </reporter-output>
        </test-method> <!-- afterRun -->
      </class> <!-- test.NG.PS1 -->
    </test> <!-- Default test -->
  </suite> <!-- Default suite -->
</testng-results>
